make all --print-data-base --no-builtin-variables --no-builtin-rules --question
# GNU Make 4.3
# Built for x86_64-pc-linux-gnu
# Copyright (C) 1988-2020 Free Software Foundation, Inc.
# License GPLv3+: GNU GPL version 3 or later <http://gnu.org/licenses/gpl.html>
# This is free software: you are free to change and redistribute it.
# There is NO WARRANTY, to the extent permitted by law.

# Make data base, printed on Sun May 23 18:31:59 2021

# Variables

# environment
GDK_BACKEND = x11
# environment
LC_ALL = C
# environment
NO_AT_BRIDGE = 1
# environment
VSCODE_IPC_HOOK_EXTHOST = /run/user/1000/vscode-ipc-3f947ede-435d-40e4-ad13-dd5b8054fbb8.sock
# environment
VSCODE_CWD = /home/jesus
# default
MAKE_COMMAND := make
# environment
GTK3_MODULES = xapp-gtk3-module
# automatic
@D = $(patsubst %/,%,$(dir $@))
# environment
VSCODE_HANDLES_UNCAUGHT_ERRORS = true
# default
.VARIABLES := 
# environment
PWD = /home/jesus/Documentos/mp/final
# automatic
%D = $(patsubst %/,%,$(dir $%))
# environment
MAIL = /var/spool/mail/jesus
# environment
XDG_DATA_DIRS = /home/jesus/.local/share/flatpak/exports/share:/var/lib/flatpak/exports/share:/usr/local/share/:/usr/share/:/var/lib/snapd/desktop
# environment
OLDPWD = /home/jesus
# automatic
^D = $(patsubst %/,%,$(dir $^))
# environment
VSCODE_LOG_STACK = false
# automatic
%F = $(notdir $%)
# environment
LANG = C
# environment
XAUTHORITY = /home/jesus/.Xauthority
# default
.LOADED := 
# default
.INCLUDE_DIRS = /usr/include /usr/local/include /usr/include
# makefile
MAKEFLAGS = pqrR
# makefile
CURDIR := /home/jesus/Documentos/mp/final
# environment
VSCODE_PIPE_LOGGING = true
# environment
APPLICATION_INSIGHTS_NO_DIAGNOSTIC_CHANNEL = true
# automatic
*D = $(patsubst %/,%,$(dir $*))
# environment
MFLAGS = -pqrR
# default
.SHELLFLAGS := -c
# automatic
+D = $(patsubst %/,%,$(dir $+))
# environment
VSCODE_CRASH_REPORTER_START_OPTIONS = {"companyName":"Microsoft","productName":"VSCode","submitURL":"appcenter://code?aid=fba07a4d-84bd-4fc8-a125-9640fc8ce171&uid=7c012f60-b85a-4348-bf9a-d0381be9a215&iid=7c012f60-b85a-4348-bf9a-d0381be9a215&sid=7c012f60-b85a-4348-bf9a-d0381be9a215","uploadToServer":true}
# makefile (from 'makefile', line 1)
MAKEFILE_LIST := makefile
# automatic
@F = $(notdir $@)
# environment
VSCODE_VERBOSE_LOGGING = true
# environment
VSCODE_PID = 14764
# environment
XDG_SESSION_TYPE = x11
# environment
CUDA_PATH = /opt/cuda
# automatic
?D = $(patsubst %/,%,$(dir $?))
# automatic
*F = $(notdir $*)
# environment
CHROME_DESKTOP = code-url-handler.desktop
# environment
DBUS_SESSION_BUS_ADDRESS = unix:path=/run/user/1000/bus
# automatic
<D = $(patsubst %/,%,$(dir $<))
# environment
VSCODE_NLS_CONFIG = {"locale":"es","availableLanguages":{},"_languagePackSupport":true}
# environment
BREAKPAD_DUMP_LOCATION = /home/jesus/.config/Code/exthost Crash Reports
# default
MAKE_HOST := x86_64-pc-linux-gnu
# makefile
SHELL = /bin/sh
# default
MAKECMDGOALS := all
# environment
DOTNET_BUNDLE_EXTRACT_BASE_DIR = /home/jesus/.cache/dotnet_bundle_extract
# environment
SHLVL = 2
# environment
MAKELEVEL := 0
# default
MAKE = $(MAKE_COMMAND)
# environment
PATH = /usr/local/sbin:/usr/local/bin:/usr/bin:/var/lib/snapd/snap/bin:/opt/cuda/bin:/opt/cuda/nsight_compute:/opt/cuda/nsight_systems/bin:/home/jesus/.dotnet/tools:/usr/lib/jvm/default/bin:/usr/bin/site_perl:/usr/bin/vendor_perl:/usr/bin/core_perl
# default
MAKEFILES := 
# environment
LANGUAGE = es_ES.UTF-8
# environment
MOTD_SHOWN = pam
# automatic
^F = $(notdir $^)
# environment
INVOCATION_ID = 830d43ab8a0043aa9e7bc143bda8f630
# environment
VSCODE_LOG_NATIVE = false
# automatic
?F = $(notdir $?)
# environment
XDG_SEAT = seat0
# automatic
+F = $(notdir $+)
# environment
DESKTOP_SESSION = bspwm
# environment
ORIGINAL_XDG_CURRENT_DESKTOP = undefined
# 'override' directive
GNUMAKEFLAGS := 
# environment
LOGNAME = jesus
# environment
XDG_VTNR = 1
# makefile
.DEFAULT_GOAL := all
# environment
SYSTEMD_EXEC_PID = 592
# environment
DISPLAY = :0
# environment
GTK_MODULES = canberra-gtk-module
# environment
USER = jesus
# default
MAKE_VERSION := 4.3
# environment
VSCODE_NODE_CACHED_DATA_DIR = /home/jesus/.config/Code/CachedData/054a9295330880ed74ceaedda236253b4f39a335
# environment
_ = /usr/bin/make
# environment
XDG_RUNTIME_DIR = /run/user/1000
# environment
JOURNAL_STREAM = 8:20236
# environment
XDG_SESSION_CLASS = user
# environment
VSCODE_AMD_ENTRYPOINT = vs/workbench/services/extensions/node/extensionHostProcess
# environment
HOME = /home/jesus
# environment
FrameworkPathOverride = /lib/mono/4.7.1-api/
# environment
ELECTRON_RUN_AS_NODE = 1
# environment
VSCODE_IPC_HOOK = /run/user/1000/vscode-a026a40c-1.56.2-main.sock
# environment
XDG_SESSION_ID = 1
# default
.RECIPEPREFIX := 
# automatic
<F = $(notdir $<)
# default
SUFFIXES := 
# environment
VSCODE_CLI = 1
# environment
ELECTRON_NO_ATTACH_CONSOLE = 1
# default
.FEATURES := target-specific order-only second-expansion else-if shortest-stem undefine oneshell nocomment grouped-target extra-prereqs archives jobserver output-sync check-symlink guile load
# environment
LC_MESSAGES = es_ES.UTF-8
# environment
DOTNET_ROOT = /usr/share/dotnet
# variable set hash-table stats:
# Load=91/1024=9%, Rehash=0, Collisions=4/124=3%

# Pattern-specific Variable Values

# No pattern-specific variable values.

# Directories

# . (device 66305, inode 11669947): 12 files, no impossibilities.

# 12 files, no impossibilities in 1 directories.

# Implicit Rules

# No implicit rules.

# Files

bin/pruebaConjunto: obj/pruebaConjunto.o obj/Particula.o obj/ConjuntoParticulas.o
#  Implicit rule search has not been done.
#  Modification time never checked.
#  File has not been updated.
#  recipe to execute (from 'makefile', line 5):
	g++ -g -o bin/pruebaConjunto obj/pruebaConjunto.o obj/Particula.o obj/ConjuntoParticulas.o -std=c++14

obj/Particula.o: src/Particula.cpp include/Particula.h
#  Implicit rule search has not been done.
#  Modification time never checked.
#  File has not been updated.
#  recipe to execute (from 'makefile', line 11):
	g++ -g -c -o obj/Particula.o src/Particula.cpp -I ./include -std=c++14

# Not a target:
src/capturaOvnis.cpp:
#  Implicit rule search has been done.
#  Last modified 2021-05-20 19:44:45.515129388
#  File has been updated.
#  Successfully updated.

bin/capturaOvnis: obj/capturaOvnis.o obj/Particula.o obj/ConjuntoParticulas.o obj/Pintar.o
#  Implicit rule search has not been done.
#  Last modified 2021-05-20 19:44:29.834918759
#  File has been updated.
#  Needs to be updated (-q is set).
# variable set hash-table stats:
# Load=0/32=0%, Rehash=0, Collisions=0/3=0%
#  recipe to execute (from 'makefile', line 3):
	g++ -g -o bin/capturaOvnis obj/capturaOvnis.o obj/Particula.o obj/ConjuntoParticulas.o obj/Pintar.o -std=c++14 -lraylib

clean:
#  Implicit rule search has not been done.
#  Modification time never checked.
#  File has not been updated.
#  recipe to execute (from 'makefile', line 17):
	echo limpiando...
	rm obj/*.o

# Not a target:
src/Particula.cpp:
#  Implicit rule search has not been done.
#  Modification time never checked.
#  File has not been updated.

obj/ConjuntoParticulas.o: src/ConjuntoParticulas.cpp include/ConjuntoParticulas.h
#  Implicit rule search has not been done.
#  Modification time never checked.
#  File has not been updated.
#  recipe to execute (from 'makefile', line 13):
	g++ -g -c -o obj/ConjuntoParticulas.o src/ConjuntoParticulas.cpp -I ./include -std=c++14

# Not a target:
src/ConjuntoParticulas.cpp:
#  Implicit rule search has not been done.
#  Modification time never checked.
#  File has not been updated.

# Not a target:
include/Pintar.h:
#  Implicit rule search has not been done.
#  Modification time never checked.
#  File has not been updated.

# Not a target:
.DEFAULT:
#  Implicit rule search has not been done.
#  Modification time never checked.
#  File has not been updated.

all: bin/capturaOvnis
#  Command line target.
#  Implicit rule search has been done.
#  File does not exist.
#  File has been updated.
#  Needs to be updated (-q is set).
# variable set hash-table stats:
 
# Load=0/32=0%, Rehash=0, Collisions=0/3=0%

obj/Pintar.o: src/Pintar.cpp include/Pintar.h
#  Implicit rule search has not been done.
#  Modification time never checked.
#  File has not been updated.
#  recipe to execute (from 'makefile', line 15):
	g++ -g -c -o obj/Pintar.o src/Pintar.cpp -I ./include -std=c++14

# Not a target:
src/pruebaConjunto.cpp:
#  Implicit rule search has not been done.
#  Modification time never checked.
#  File has not been updated.

# Not a target:
include/ConjuntoParticulas.h:
#  Implicit rule search has not been done.
#  Modification time never checked.
#  File has not been updated.

obj/capturaOvnis.o: src/capturaOvnis.cpp include/Particula.h
#  Implicit rule search has not been done.
#  Implicit/static pattern stem: ''
#  File does not exist.
#  File has been updated.
#  Needs to be updated (-q is set).
# automatic
# @ := obj/capturaOvnis.o
# automatic
# * := 
# automatic
# < := src/capturaOvnis.cpp
# automatic
# + := src/capturaOvnis.cpp include/Particula.h
# automatic
# % := 
# automatic
# ^ := src/capturaOvnis.cpp include/Particula.h
# automatic
# ? := src/capturaOvnis.cpp include/Particula.h
# automatic
# | := 
# variable set hash-table stats:
# Load=8/32=25%, Rehash=0, Collisions=1/11=9%
#  recipe to execute (from 'makefile', line 9):
	g++ -g -c -o obj/capturaOvnis.o src/capturaOvnis.cpp -I ./include -std=c++14

# Not a target:
makefile:
#  Implicit rule search has been done.
#  Last modified 2021-05-20 19:44:27.198216685
#  File has been updated.
#  Successfully updated.

# Not a target:
include/Particula.h:
#  Implicit rule search has been done.
#  Last modified 2021-05-17 16:01:42.436
#  File has been updated.
#  Successfully updated.

# Not a target:
.SUFFIXES:
#  Implicit rule search has not been done.
#  Modification time never checked.
#  File has not been updated.

# Not a target:
src/Pintar.cpp:
#  Implicit rule search has not been done.
#  Modification time never checked.
#  File has not been updated.

obj/pruebaConjunto.o: src/pruebaConjunto.cpp include/Particula.h
#  Implicit rule search has not been done.
#  Modification time never checked.
#  File has not been updated.
#  recipe to execute (from 'makefile', line 7):
	g++ -g -c -o obj/pruebaConjunto.o src/pruebaConjunto.cpp -I ./include -std=c++14

# files hash-table stats:
# Load=20/1024=2%, Rehash=0, Collisions=0/56=0%
# VPATH Search Paths

# No 'vpath' search paths.

# No general ('VPATH' variable) search path.

# strcache buffers: 1 (0) / strings = 33 / storage = 425 B / avg = 12 B
# current buf: size = 8162 B / used = 425 B / count = 33 / avg = 12 B

# strcache performance: lookups = 58 / hit rate = 43%
# hash-table stats:
# Load=33/8192=0%, Rehash=0, Collisions=0/58=0%
# Finished Make data base on Sun May 23 18:31:59 2021

 
